<?xml version="1.0" encoding="UTF-8" ?>
<testsuite tests="2" failures="0" name="skeleton.RunCukesTest" time="6.173" errors="0" skipped="2">
  <properties>
[...]
</properties>
  <testcase classname="DFS Q1" name="a google map request" time="3.086">
    <skipped/>
    <system-out>Feature: DFS Q1

  Scenario: a google map request                   &amp;#27;[90m# skeleton/cucumber.feature:4&amp;#27;[0m
name = batman,sex = female,date = robin
Ouput Resp:
&lt;html&gt;
  &lt;head&gt;
    &lt;meta http-equiv=&quot;content-type&quot; value=&quot;text/html;charset=utf8&quot;/&gt;
    &lt;meta name=&quot;generator&quot; value=&quot;Ronn/v0.7.3 (http://github.com/rtomayko/ronn/tree/0.7.3)&quot;/&gt;
    &lt;title&gt;httpbin(1): HTTP Client Testing Service&lt;/title&gt;
    &lt;style type=&quot;text/css&quot; media=&quot;all&quot;&gt;
  /* style: man */
  body#manpage {margin:0}
  .mp {max-width:100ex;padding:0 9ex 1ex 4ex}
  .mp p,.mp pre,.mp ul,.mp ol,.mp dl {margin:0 0 20px 0}
  .mp h2 {margin:10px 0 0 0}
  .mp &amp;gt; p,.mp &amp;gt; pre,.mp &amp;gt; ul,.mp &amp;gt; ol,.mp &amp;gt; dl {margin-left:8ex}
  .mp h3 {margin:0 0 0 4ex}
  .mp dt {margin:0;clear:left}
  .mp dt.flush {float:left;width:8ex}
  .mp dd {margin:0 0 0 9ex}
  .mp h1,.mp h2,.mp h3,.mp h4 {clear:left}
  .mp pre {margin-bottom:20px}
  .mp pre+h2,.mp pre+h3 {margin-top:22px}
  .mp h2+pre,.mp h3+pre {margin-top:5px}
  .mp img {display:block;margin:auto}
  .mp h1.man-title {display:none}
  .mp,.mp code,.mp pre,.mp tt,.mp kbd,.mp samp,.mp h3,.mp h4 {font-family:monospace;font-size:14px;line-height:1.42857142857143}
  .mp h2 {font-size:16px;line-height:1.25}
  .mp h1 {font-size:20px;line-height:2}
  .mp {text-align:justify;background:#fff}
  .mp,.mp code,.mp pre,.mp pre code,.mp tt,.mp kbd,.mp samp {color:#131211}
  .mp h1,.mp h2,.mp h3,.mp h4 {color:#030201}
  .mp u {text-decoration:underline}
  .mp code,.mp strong,.mp b {font-weight:bold;color:#131211}
  .mp em,.mp var {font-style:italic;color:#232221;text-decoration:none}
  .mp a,.mp a:link,.mp a:hover,.mp a code,.mp a pre,.mp a tt,.mp a kbd,.mp a samp {color:#0000ff}
  .mp b.man-ref {font-weight:normal;color:#434241}
  .mp pre {padding:0 4ex}
  .mp pre code {font-weight:normal;color:#434241}
  .mp h2+pre,h3+pre {padding-left:0}
  ol.man-decor,ol.man-decor li {margin:3px 0 10px 0;padding:0;float:left;width:33%;list-style-type:none;text-transform:uppercase;color:#999;letter-spacing:1px}
  ol.man-decor {width:100%}
  ol.man-decor li.tl {text-align:left}
  ol.man-decor li.tc {text-align:center;letter-spacing:4px}
  ol.man-decor li.tr {text-align:right;float:right}
  &lt;/style&gt;
    &lt;style type=&quot;text/css&quot; media=&quot;all&quot;&gt;
  /* style: 80c */
  .mp {max-width:86ex}
  ul {list-style: None; margin-left: 1em!important}
  .man-navigation {left:101ex}
  &lt;/style&gt;
  &lt;/head&gt;
  &lt;body id=&quot;manpage&quot;&gt;
    &lt;a shape=&quot;rect&quot; href=&quot;http://github.com/kennethreitz/httpbin&quot;&gt;
      &lt;img style=&quot;position: absolute; top: 0; right: 0; border: 0;&quot; src=&quot;https://s3.amazonaws.com/github/ribbons/forkme_right_darkblue_121621.png&quot; alt=&quot;Fork me on GitHub&quot;/&gt;
    &lt;/a&gt;
    &lt;div class=&quot;mp&quot;&gt;
      &lt;h1&gt;httpbin(1): HTTP Request &amp;amp; Response Service&lt;/h1&gt;
      &lt;p&gt;
Freely hosted in         &lt;a shape=&quot;rect&quot; href=&quot;http://httpbin.org&quot;&gt;HTTP&lt;/a&gt;
,         &lt;a shape=&quot;rect&quot; href=&quot;https://httpbin.org&quot;&gt;HTTPS&lt;/a&gt;
, &amp;amp;         &lt;a shape=&quot;rect&quot; href=&quot;http://eu.httpbin.org/&quot;&gt;EU&lt;/a&gt;
 flavors by         &lt;a shape=&quot;rect&quot; href=&quot;http://kennethreitz.org/bitcoin&quot;&gt;Kenneth Reitz&lt;/a&gt;
 &amp;amp;         &lt;a shape=&quot;rect&quot; href=&quot;https://www.runscope.com/&quot;&gt;Runscope&lt;/a&gt;
.      &lt;/p&gt;
      &lt;h2 id=&quot;BONUSPOINTS&quot;&gt;BONUSPOINTS&lt;/h2&gt;
      &lt;ul&gt;
        &lt;li&gt;
          &lt;a shape=&quot;rect&quot; href=&quot;https://now.httpbin.org/&quot; data-bare-link=&quot;true&quot;&gt;
            &lt;code&gt;now.httpbin.org&lt;/code&gt;
          &lt;/a&gt;
 The current time, in a variety of formats.        &lt;/li&gt;
      &lt;/ul&gt;
      &lt;h2 id=&quot;ENDPOINTS&quot;&gt;ENDPOINTS&lt;/h2&gt;
      &lt;ul&gt;
        &lt;li&gt;
          &lt;a shape=&quot;rect&quot; href=&quot;/&quot; data-bare-link=&quot;true&quot;&gt;
            &lt;code&gt;/&lt;/code&gt;
          &lt;/a&gt;
 This page.        &lt;/li&gt;
        &lt;li&gt;
          &lt;a shape=&quot;rect&quot; href=&quot;/ip&quot; data-bare-link=&quot;true&quot;&gt;
            &lt;code&gt;/ip&lt;/code&gt;
          &lt;/a&gt;
 Returns Origin IP.        &lt;/li&gt;
        &lt;li&gt;
          &lt;a shape=&quot;rect&quot; href=&quot;/uuid&quot; data-bare-link=&quot;true&quot;&gt;
            &lt;code&gt;/uuid&lt;/code&gt;
          &lt;/a&gt;
 Returns UUID4.        &lt;/li&gt;
        &lt;li&gt;
          &lt;a shape=&quot;rect&quot; href=&quot;/user-agent&quot; data-bare-link=&quot;true&quot;&gt;
            &lt;code&gt;/user-agent&lt;/code&gt;
          &lt;/a&gt;
 Returns user-agent.        &lt;/li&gt;
        &lt;li&gt;
          &lt;a shape=&quot;rect&quot; href=&quot;/headers&quot; data-bare-link=&quot;true&quot;&gt;
            &lt;code&gt;/headers&lt;/code&gt;
          &lt;/a&gt;
 Returns header dict.        &lt;/li&gt;
        &lt;li&gt;
          &lt;a shape=&quot;rect&quot; href=&quot;/get&quot; data-bare-link=&quot;true&quot;&gt;
            &lt;code&gt;/get&lt;/code&gt;
          &lt;/a&gt;
 Returns GET data.        &lt;/li&gt;
        &lt;li&gt;
          &lt;code&gt;/post&lt;/code&gt;
 Returns POST data.        &lt;/li&gt;
        &lt;li&gt;
          &lt;code&gt;/patch&lt;/code&gt;
 Returns PATCH data.        &lt;/li&gt;
        &lt;li&gt;
          &lt;code&gt;/put&lt;/code&gt;
 Returns PUT data.        &lt;/li&gt;
        &lt;li&gt;
          &lt;code&gt;/delete&lt;/code&gt;
 Returns DELETE data        &lt;/li&gt;
        &lt;li&gt;
          &lt;a shape=&quot;rect&quot; href=&quot;/anything&quot; data-bare-link=&quot;true&quot;&gt;
            &lt;code&gt;/anything&lt;/code&gt;
          &lt;/a&gt;
 Returns request data, including method used.        &lt;/li&gt;
        &lt;li&gt;
          &lt;code&gt;/anything/:anything&lt;/code&gt;
 Returns request data, including the URL.        &lt;/li&gt;
        &lt;li&gt;
          &lt;a shape=&quot;rect&quot; href=&quot;/encoding/utf8&quot;&gt;
            &lt;code&gt;/encoding/utf8&lt;/code&gt;
          &lt;/a&gt;
 Returns page containing UTF-8 data.        &lt;/li&gt;
        &lt;li&gt;
          &lt;a shape=&quot;rect&quot; href=&quot;/gzip&quot; data-bare-link=&quot;true&quot;&gt;
            &lt;code&gt;/gzip&lt;/code&gt;
          &lt;/a&gt;
 Returns gzip-encoded data.        &lt;/li&gt;
        &lt;li&gt;
          &lt;a shape=&quot;rect&quot; href=&quot;/deflate&quot; data-bare-link=&quot;true&quot;&gt;
            &lt;code&gt;/deflate&lt;/code&gt;
          &lt;/a&gt;
 Returns deflate-encoded data.        &lt;/li&gt;
        &lt;li&gt;
          &lt;a shape=&quot;rect&quot; href=&quot;/brotli&quot; data-bare-link=&quot;true&quot;&gt;
            &lt;code&gt;/brotli&lt;/code&gt;
          &lt;/a&gt;
 Returns brotli-encoded data.        &lt;/li&gt;
        &lt;li&gt;
          &lt;a shape=&quot;rect&quot; href=&quot;/status/418&quot;&gt;
            &lt;code&gt;/status/:code&lt;/code&gt;
          &lt;/a&gt;
 Returns given HTTP Status code.        &lt;/li&gt;
        &lt;li&gt;
          &lt;a shape=&quot;rect&quot; href=&quot;/response-headers?Server=httpbin&amp;amp;Content-Type=text%2Fplain%3B+charset%3DUTF-8&quot;&gt;
            &lt;code&gt;/response-headers?key=val&lt;/code&gt;
          &lt;/a&gt;
 Returns given response headers.        &lt;/li&gt;
        &lt;li&gt;
          &lt;a shape=&quot;rect&quot; href=&quot;/redirect/6&quot;&gt;
            &lt;code&gt;/redirect/:n&lt;/code&gt;
          &lt;/a&gt;
 302 Redirects           &lt;em&gt;n&lt;/em&gt;
 times.        &lt;/li&gt;
        &lt;li&gt;
          &lt;a shape=&quot;rect&quot; href=&quot;/redirect-to?url=http%3A%2F%2Fexample.com%2F&quot;&gt;
            &lt;code&gt;/redirect-to?url=foo&lt;/code&gt;
          &lt;/a&gt;
 302 Redirects to the           &lt;em&gt;foo&lt;/em&gt;
 URL.        &lt;/li&gt;
        &lt;li&gt;
          &lt;a shape=&quot;rect&quot; href=&quot;/redirect-to?url=http%3A%2F%2Fexample.com%2F&amp;amp;status_code=307&quot;&gt;
            &lt;code&gt;/redirect-to?url=foo&amp;amp;status_code=307&lt;/code&gt;
          &lt;/a&gt;
 307 Redirects to the           &lt;em&gt;foo&lt;/em&gt;
 URL.        &lt;/li&gt;
        &lt;li&gt;
          &lt;a shape=&quot;rect&quot; href=&quot;/relative-redirect/6&quot;&gt;
            &lt;code&gt;/relative-redirect/:n&lt;/code&gt;
          &lt;/a&gt;
 302 Relative redirects           &lt;em&gt;n&lt;/em&gt;
 times.        &lt;/li&gt;
        &lt;li&gt;
          &lt;a shape=&quot;rect&quot; href=&quot;/absolute-redirect/6&quot;&gt;
            &lt;code&gt;/absolute-redirect/:n&lt;/code&gt;
          &lt;/a&gt;
 302 Absolute redirects           &lt;em&gt;n&lt;/em&gt;
 times.        &lt;/li&gt;
        &lt;li&gt;
          &lt;a shape=&quot;rect&quot; href=&quot;/cookies&quot; data-bare-link=&quot;true&quot;&gt;
            &lt;code&gt;/cookies&lt;/code&gt;
          &lt;/a&gt;
 Returns cookie data.        &lt;/li&gt;
        &lt;li&gt;
          &lt;a shape=&quot;rect&quot; href=&quot;/cookies/set?k1=v1&amp;amp;k2=v2&quot;&gt;
            &lt;code&gt;/cookies/set?name=value&lt;/code&gt;
          &lt;/a&gt;
 Sets one or more simple cookies.        &lt;/li&gt;
        &lt;li&gt;
          &lt;a shape=&quot;rect&quot; href=&quot;/cookies/delete?k1=&amp;amp;k2=&quot;&gt;
            &lt;code&gt;/cookies/delete?name&lt;/code&gt;
          &lt;/a&gt;
 Deletes one or more simple cookies.        &lt;/li&gt;
        &lt;li&gt;
          &lt;a shape=&quot;rect&quot; href=&quot;/basic-auth/user/passwd&quot;&gt;
            &lt;code&gt;/basic-auth/:user/:passwd&lt;/code&gt;
          &lt;/a&gt;
 Challenges HTTPBasic Auth.        &lt;/li&gt;
        &lt;li&gt;
          &lt;a shape=&quot;rect&quot; href=&quot;/hidden-basic-auth/user/passwd&quot;&gt;
            &lt;code&gt;/hidden-basic-auth/:user/:passwd&lt;/code&gt;
          &lt;/a&gt;
 404&apos;d BasicAuth.        &lt;/li&gt;
        &lt;li&gt;
          &lt;a shape=&quot;rect&quot; href=&quot;/digest-auth/auth/user/passwd/MD5/never&quot;&gt;
            &lt;code&gt;/digest-auth/:qop/:user/:passwd/:algorithm&lt;/code&gt;
          &lt;/a&gt;
 Challenges HTTP Digest Auth.        &lt;/li&gt;
        &lt;li&gt;
          &lt;a shape=&quot;rect&quot; href=&quot;/digest-auth/auth/user/passwd/MD5/never&quot;&gt;
            &lt;code&gt;/digest-auth/:qop/:user/:passwd&lt;/code&gt;
          &lt;/a&gt;
 Challenges HTTP Digest Auth.        &lt;/li&gt;
        &lt;li&gt;
          &lt;a shape=&quot;rect&quot; href=&quot;/stream/20&quot;&gt;
            &lt;code&gt;/stream/:n&lt;/code&gt;
          &lt;/a&gt;
 Streams           &lt;em&gt;min(n, 100)&lt;/em&gt;
 lines.        &lt;/li&gt;
        &lt;li&gt;
          &lt;a shape=&quot;rect&quot; href=&quot;/delay/3&quot;&gt;
            &lt;code&gt;/delay/:n&lt;/code&gt;
          &lt;/a&gt;
 Delays responding for           &lt;em&gt;min(n, 10)&lt;/em&gt;
 seconds.        &lt;/li&gt;
        &lt;li&gt;
          &lt;a shape=&quot;rect&quot; href=&quot;/drip?code=200&amp;amp;duration=5&amp;amp;numbytes=5&quot;&gt;
            &lt;code&gt;/drip?numbytes=n&amp;amp;duration=s&amp;amp;delay=s&amp;amp;code=code&lt;/code&gt;
          &lt;/a&gt;
 Drips data over a duration after an optional initial delay, then (optionally) returns with the given status code.        &lt;/li&gt;
        &lt;li&gt;
          &lt;a shape=&quot;rect&quot; href=&quot;/range/1024&quot;&gt;
            &lt;code&gt;/range/1024?duration=s&amp;amp;chunk_size=code&lt;/code&gt;
          &lt;/a&gt;
 Streams           &lt;em&gt;n&lt;/em&gt;
 bytes, and allows specifying a           &lt;em&gt;Range&lt;/em&gt;
 header to select a subset of the data. Accepts a           &lt;em&gt;chunk_size&lt;/em&gt;
 and request           &lt;em&gt;duration&lt;/em&gt;
 parameter.        &lt;/li&gt;
        &lt;li&gt;
          &lt;a shape=&quot;rect&quot; href=&quot;/html&quot; data-bare-link=&quot;true&quot;&gt;
            &lt;code&gt;/html&lt;/code&gt;
          &lt;/a&gt;
 Renders an HTML Page.        &lt;/li&gt;
        &lt;li&gt;
          &lt;a shape=&quot;rect&quot; href=&quot;/robots.txt&quot; data-bare-link=&quot;true&quot;&gt;
            &lt;code&gt;/robots.txt&lt;/code&gt;
          &lt;/a&gt;
 Returns some robots.txt rules.        &lt;/li&gt;
        &lt;li&gt;
          &lt;a shape=&quot;rect&quot; href=&quot;/deny&quot; data-bare-link=&quot;true&quot;&gt;
            &lt;code&gt;/deny&lt;/code&gt;
          &lt;/a&gt;
 Denied by robots.txt file.        &lt;/li&gt;
        &lt;li&gt;
          &lt;a shape=&quot;rect&quot; href=&quot;/cache&quot; data-bare-link=&quot;true&quot;&gt;
            &lt;code&gt;/cache&lt;/code&gt;
          &lt;/a&gt;
 Returns 200 unless an If-Modified-Since or If-None-Match header is provided, when it returns a 304.        &lt;/li&gt;
        &lt;li&gt;
          &lt;a shape=&quot;rect&quot; href=&quot;/etag/etag&quot;&gt;
            &lt;code&gt;/etag/:etag&lt;/code&gt;
          &lt;/a&gt;
 Assumes the resource has the given etag and responds to If-None-Match header with a 200 or 304 and If-Match with a 200 or 412 as appropriate.        &lt;/li&gt;
        &lt;li&gt;
          &lt;a shape=&quot;rect&quot; href=&quot;/cache/60&quot;&gt;
            &lt;code&gt;/cache/:n&lt;/code&gt;
          &lt;/a&gt;
 Sets a Cache-Control header for           &lt;em&gt;n&lt;/em&gt;
 seconds.        &lt;/li&gt;
        &lt;li&gt;
          &lt;a shape=&quot;rect&quot; href=&quot;/bytes/1024&quot;&gt;
            &lt;code&gt;/bytes/:n&lt;/code&gt;
          &lt;/a&gt;
 Generates           &lt;em&gt;n&lt;/em&gt;
 random bytes of binary data, accepts optional           &lt;em&gt;seed&lt;/em&gt;
 integer parameter.        &lt;/li&gt;
        &lt;li&gt;
          &lt;a shape=&quot;rect&quot; href=&quot;/stream-bytes/1024&quot;&gt;
            &lt;code&gt;/stream-bytes/:n&lt;/code&gt;
          &lt;/a&gt;
 Streams           &lt;em&gt;n&lt;/em&gt;
 random bytes of binary data in chunked encoding, accepts optional           &lt;em&gt;seed&lt;/em&gt;
 and           &lt;em&gt;chunk_size&lt;/em&gt;
 integer parameters.        &lt;/li&gt;
        &lt;li&gt;
          &lt;a shape=&quot;rect&quot; href=&quot;/links/10&quot;&gt;
            &lt;code&gt;/links/:n&lt;/code&gt;
          &lt;/a&gt;
 Returns page containing           &lt;em&gt;n&lt;/em&gt;
 HTML links.        &lt;/li&gt;
        &lt;li&gt;
          &lt;a shape=&quot;rect&quot; href=&quot;/image&quot;&gt;
            &lt;code&gt;/image&lt;/code&gt;
          &lt;/a&gt;
 Returns page containing an image based on sent Accept header.        &lt;/li&gt;
        &lt;li&gt;
          &lt;a shape=&quot;rect&quot; href=&quot;/image/png&quot;&gt;
            &lt;code&gt;/image/png&lt;/code&gt;
          &lt;/a&gt;
 Returns a PNG image.        &lt;/li&gt;
        &lt;li&gt;
          &lt;a shape=&quot;rect&quot; href=&quot;/image/jpeg&quot;&gt;
            &lt;code&gt;/image/jpeg&lt;/code&gt;
          &lt;/a&gt;
 Returns a JPEG image.        &lt;/li&gt;
        &lt;li&gt;
          &lt;a shape=&quot;rect&quot; href=&quot;/image/webp&quot;&gt;
            &lt;code&gt;/image/webp&lt;/code&gt;
          &lt;/a&gt;
 Returns a WEBP image.        &lt;/li&gt;
        &lt;li&gt;
          &lt;a shape=&quot;rect&quot; href=&quot;/image/svg&quot;&gt;
            &lt;code&gt;/image/svg&lt;/code&gt;
          &lt;/a&gt;
 Returns a SVG image.        &lt;/li&gt;
        &lt;li&gt;
          &lt;a shape=&quot;rect&quot; href=&quot;/forms/post&quot; data-bare-link=&quot;true&quot;&gt;
            &lt;code&gt;/forms/post&lt;/code&gt;
          &lt;/a&gt;
 HTML form that submits to           &lt;em&gt;/post&lt;/em&gt;
        &lt;/li&gt;
        &lt;li&gt;
          &lt;a shape=&quot;rect&quot; href=&quot;/xml&quot; data-bare-link=&quot;true&quot;&gt;
            &lt;code&gt;/xml&lt;/code&gt;
          &lt;/a&gt;
 Returns some XML        &lt;/li&gt;
      &lt;/ul&gt;
      &lt;h2 id=&quot;DESCRIPTION&quot;&gt;DESCRIPTION&lt;/h2&gt;
      &lt;p&gt;
Testing an HTTP Library can become difficult sometimes.         &lt;a shape=&quot;rect&quot; href=&quot;http://requestb.in&quot;&gt;RequestBin&lt;/a&gt;
 is fantastic for testing POST requests, but doesn&apos;t let you control the response. This exists to cover all kinds of HTTP scenarios. Additional endpoints are being considered.      &lt;/p&gt;
      &lt;p&gt;All endpoint responses are JSON-encoded.&lt;/p&gt;
      &lt;h2 id=&quot;EXAMPLES&quot;&gt;EXAMPLES&lt;/h2&gt;
      &lt;h3 id=&quot;-curl-http-httpbin-org-ip&quot;&gt;$ curl http://httpbin.org/ip&lt;/h3&gt;
      &lt;pre&gt;
        &lt;code&gt;{&quot;origin&quot;: &quot;24.127.96.129&quot;}
&lt;/code&gt;
      &lt;/pre&gt;
      &lt;h3 id=&quot;-curl-http-httpbin-org-user-agent&quot;&gt;$ curl http://httpbin.org/user-agent&lt;/h3&gt;
      &lt;pre&gt;
        &lt;code&gt;{&quot;user-agent&quot;: &quot;curl/7.19.7 (universal-apple-darwin10.0) libcurl/7.19.7 OpenSSL/0.9.8l zlib/1.2.3&quot;}
&lt;/code&gt;
      &lt;/pre&gt;
      &lt;h3 id=&quot;-curl-http-httpbin-org-get&quot;&gt;$ curl http://httpbin.org/get&lt;/h3&gt;
      &lt;pre&gt;
        &lt;code&gt;{
   &quot;args&quot;: {},
   &quot;headers&quot;: {
      &quot;Accept&quot;: &quot;*/*&quot;,
      &quot;Connection&quot;: &quot;close&quot;,
      &quot;Content-Length&quot;: &quot;&quot;,
      &quot;Content-Type&quot;: &quot;&quot;,
      &quot;Host&quot;: &quot;httpbin.org&quot;,
      &quot;User-Agent&quot;: &quot;curl/7.19.7 (universal-apple-darwin10.0) libcurl/7.19.7 OpenSSL/0.9.8l zlib/1.2.3&quot;
   },
   &quot;origin&quot;: &quot;24.127.96.129&quot;,
   &quot;url&quot;: &quot;http://httpbin.org/get&quot;
}
&lt;/code&gt;
      &lt;/pre&gt;
      &lt;h3 id=&quot;-curl-I-http-httpbin-org-status-418&quot;&gt;$ curl -I http://httpbin.org/status/418&lt;/h3&gt;
      &lt;pre&gt;
        &lt;code&gt;HTTP/1.1 418 I&apos;M A TEAPOT
Server: nginx/0.7.67
Date: Mon, 13 Jun 2011 04:25:38 GMT
Connection: close
x-more-info: http://tools.ietf.org/html/rfc2324
Content-Length: 135
&lt;/code&gt;
      &lt;/pre&gt;
      &lt;h3 id=&quot;-curl-https-httpbin-org-get-show_env-1&quot;&gt;$ curl https://httpbin.org/get?show_env=1&lt;/h3&gt;
      &lt;pre&gt;
        &lt;code&gt;{
  &quot;headers&quot;: {
    &quot;Content-Length&quot;: &quot;&quot;,
    &quot;Accept-Language&quot;: &quot;en-US,en;q=0.8&quot;,
    &quot;Accept-Encoding&quot;: &quot;gzip,deflate,sdch&quot;,
    &quot;X-Forwarded-Port&quot;: &quot;443&quot;,
    &quot;X-Forwarded-For&quot;: &quot;109.60.101.240&quot;,
    &quot;Host&quot;: &quot;httpbin.org&quot;,
    &quot;Accept&quot;: &quot;text/html,application/xhtml+xml,application/xml;q=0.9,*/*;q=0.8&quot;,
    &quot;User-Agent&quot;: &quot;Mozilla/5.0 (X11; Linux i686) AppleWebKit/535.11 (KHTML, like Gecko) Chrome/17.0.963.83 Safari/535.11&quot;,
    &quot;X-Request-Start&quot;: &quot;1350053933441&quot;,
    &quot;Accept-Charset&quot;: &quot;ISO-8859-1,utf-8;q=0.7,*;q=0.3&quot;,
    &quot;Connection&quot;: &quot;keep-alive&quot;,
    &quot;X-Forwarded-Proto&quot;: &quot;https&quot;,
    &quot;Cookie&quot;: &quot;_gauges_unique_day=1; _gauges_unique_month=1; _gauges_unique_year=1; _gauges_unique=1; _gauges_unique_hour=1&quot;,
    &quot;Content-Type&quot;: &quot;&quot;
  },
  &quot;args&quot;: {
    &quot;show_env&quot;: &quot;1&quot;
  },
  &quot;origin&quot;: &quot;109.60.101.240&quot;,
  &quot;url&quot;: &quot;http://httpbin.org/get?show_env=1&quot;
}
&lt;/code&gt;
      &lt;/pre&gt;
      &lt;h2 id=&quot;Installing-and-running-from-PyPI&quot;&gt;Installing and running from PyPI&lt;/h2&gt;
      &lt;p&gt;You can install httpbin as a library from PyPI and run it as a WSGI app.  For example, using Gunicorn:&lt;/p&gt;
      &lt;pre&gt;
        &lt;code class=&quot;bash&quot;&gt;$ pip install httpbin
$ gunicorn httpbin:app
&lt;/code&gt;
      &lt;/pre&gt;
      &lt;h2 id=&quot;AUTHOR&quot;&gt;AUTHOR&lt;/h2&gt;
      &lt;p&gt;
A         &lt;a shape=&quot;rect&quot; href=&quot;http://kennethreitz.com/&quot;&gt;Kenneth Reitz&lt;/a&gt;
 project.      &lt;/p&gt;
      &lt;p&gt;
BTC:         &lt;a shape=&quot;rect&quot; href=&quot;https://www.kennethreitz.org/bitcoin&quot;&gt;
          &lt;code&gt;1Me2iXTJ91FYZhrGvaGaRDCBtnZ4KdxCug&lt;/code&gt;
        &lt;/a&gt;
      &lt;/p&gt;
      &lt;h2 id=&quot;SEE-ALSO&quot;&gt;SEE ALSO&lt;/h2&gt;
      &lt;p&gt;
        &lt;a shape=&quot;rect&quot; href=&quot;https://www.hurl.it&quot;&gt;Hurl.it&lt;/a&gt;
 - Make HTTP requests.      &lt;/p&gt;
      &lt;p&gt;
        &lt;a shape=&quot;rect&quot; href=&quot;http://requestb.in&quot;&gt;RequestBin&lt;/a&gt;
 - Inspect HTTP requests.      &lt;/p&gt;
      &lt;p&gt;
        &lt;a shape=&quot;rect&quot; href=&quot;http://python-requests.org&quot; data-bare-link=&quot;true&quot;&gt;http://python-requests.org&lt;/a&gt;
      &lt;/p&gt;
    &lt;/div&gt;
    &lt;script type=&quot;text/javascript&quot;&gt;
  (function() {
    window._pa = window._pa || {};
    _pa.productId = &quot;httpbin&quot;;
    var pa = document.createElement(&apos;script&apos;); pa.type = &apos;text/javascript&apos;; pa.async = true;
    pa.src = (&apos;https:&apos; == document.location.protocol ? &apos;https:&apos; : &apos;http:&apos;) + &quot;//tag.perfectaudience.com/serve/5226171f87bc6890da0000a0.js&quot;;
    var s = document.getElementsByTagName(&apos;script&apos;)[0]; s.parentNode.insertBefore(pa, s);
  })();
&lt;/script&gt;
    &lt;script type=&quot;text/javascript&quot;&gt;
  var _gauges = _gauges || [];
  (function() {
    var t   = document.createElement(&apos;script&apos;);
    t.type  = &apos;text/javascript&apos;;
    t.async = true;
    t.id    = &apos;gauges-tracker&apos;;
    t.setAttribute(&apos;data-site-id&apos;, &apos;58cb2e71c88d9043ac01d000&apos;);
    t.setAttribute(&apos;data-track-path&apos;, &apos;https://track.gaug.es/track.gif&apos;);
    t.src = &apos;https://d36ee2fcip1434.cloudfront.net/track.js&apos;;
    var s = document.getElementsByTagName(&apos;script&apos;)[0];
    s.parentNode.insertBefore(t, s);
  })();
&lt;/script&gt;
  &lt;/body&gt;
&lt;/html&gt;
&lt;html&gt;
  &lt;head&gt;
    &lt;meta http-equiv=&quot;content-type&quot; value=&quot;text/html;charset=utf8&quot;/&gt;
    &lt;meta name=&quot;generator&quot; value=&quot;Ronn/v0.7.3 (http://github.com/rtomayko/ronn/tree/0.7.3)&quot;/&gt;
    &lt;title&gt;httpbin(1): HTTP Client Testing Service&lt;/title&gt;
    &lt;style type=&quot;text/css&quot; media=&quot;all&quot;&gt;
  /* style: man */
  body#manpage {margin:0}
  .mp {max-width:100ex;padding:0 9ex 1ex 4ex}
  .mp p,.mp pre,.mp ul,.mp ol,.mp dl {margin:0 0 20px 0}
  .mp h2 {margin:10px 0 0 0}
  .mp &amp;gt; p,.mp &amp;gt; pre,.mp &amp;gt; ul,.mp &amp;gt; ol,.mp &amp;gt; dl {margin-left:8ex}
  .mp h3 {margin:0 0 0 4ex}
  .mp dt {margin:0;clear:left}
  .mp dt.flush {float:left;width:8ex}
  .mp dd {margin:0 0 0 9ex}
  .mp h1,.mp h2,.mp h3,.mp h4 {clear:left}
  .mp pre {margin-bottom:20px}
  .mp pre+h2,.mp pre+h3 {margin-top:22px}
  .mp h2+pre,.mp h3+pre {margin-top:5px}
  .mp img {display:block;margin:auto}
  .mp h1.man-title {display:none}
  .mp,.mp code,.mp pre,.mp tt,.mp kbd,.mp samp,.mp h3,.mp h4 {font-family:monospace;font-size:14px;line-height:1.42857142857143}
  .mp h2 {font-size:16px;line-height:1.25}
  .mp h1 {font-size:20px;line-height:2}
  .mp {text-align:justify;background:#fff}
  .mp,.mp code,.mp pre,.mp pre code,.mp tt,.mp kbd,.mp samp {color:#131211}
  .mp h1,.mp h2,.mp h3,.mp h4 {color:#030201}
  .mp u {text-decoration:underline}
  .mp code,.mp strong,.mp b {font-weight:bold;color:#131211}
  .mp em,.mp var {font-style:italic;color:#232221;text-decoration:none}
  .mp a,.mp a:link,.mp a:hover,.mp a code,.mp a pre,.mp a tt,.mp a kbd,.mp a samp {color:#0000ff}
  .mp b.man-ref {font-weight:normal;color:#434241}
  .mp pre {padding:0 4ex}
  .mp pre code {font-weight:normal;color:#434241}
  .mp h2+pre,h3+pre {padding-left:0}
  ol.man-decor,ol.man-decor li {margin:3px 0 10px 0;padding:0;float:left;width:33%;list-style-type:none;text-transform:uppercase;color:#999;letter-spacing:1px}
  ol.man-decor {width:100%}
  ol.man-decor li.tl {text-align:left}
  ol.man-decor li.tc {text-align:center;letter-spacing:4px}
  ol.man-decor li.tr {text-align:right;float:right}
  &lt;/style&gt;
    &lt;style type=&quot;text/css&quot; media=&quot;all&quot;&gt;
  /* style: 80c */
  .mp {max-width:86ex}
  ul {list-style: None; margin-left: 1em!important}
  .man-navigation {left:101ex}
  &lt;/style&gt;
  &lt;/head&gt;
  &lt;body id=&quot;manpage&quot;&gt;
    &lt;a shape=&quot;rect&quot; href=&quot;http://github.com/kennethreitz/httpbin&quot;&gt;
      &lt;img style=&quot;position: absolute; top: 0; right: 0; border: 0;&quot; src=&quot;https://s3.amazonaws.com/github/ribbons/forkme_right_darkblue_121621.png&quot; alt=&quot;Fork me on GitHub&quot;/&gt;
    &lt;/a&gt;
    &lt;div class=&quot;mp&quot;&gt;
      &lt;h1&gt;httpbin(1): HTTP Request &amp;amp; Response Service&lt;/h1&gt;
      &lt;p&gt;
Freely hosted in         &lt;a shape=&quot;rect&quot; href=&quot;http://httpbin.org&quot;&gt;HTTP&lt;/a&gt;
,         &lt;a shape=&quot;rect&quot; href=&quot;https://httpbin.org&quot;&gt;HTTPS&lt;/a&gt;
, &amp;amp;         &lt;a shape=&quot;rect&quot; href=&quot;http://eu.httpbin.org/&quot;&gt;EU&lt;/a&gt;
 flavors by         &lt;a shape=&quot;rect&quot; href=&quot;http://kennethreitz.org/bitcoin&quot;&gt;Kenneth Reitz&lt;/a&gt;
 &amp;amp;         &lt;a shape=&quot;rect&quot; href=&quot;https://www.runscope.com/&quot;&gt;Runscope&lt;/a&gt;
.      &lt;/p&gt;
      &lt;h2 id=&quot;BONUSPOINTS&quot;&gt;BONUSPOINTS&lt;/h2&gt;
      &lt;ul&gt;
        &lt;li&gt;
          &lt;a shape=&quot;rect&quot; href=&quot;https://now.httpbin.org/&quot; data-bare-link=&quot;true&quot;&gt;
            &lt;code&gt;now.httpbin.org&lt;/code&gt;
          &lt;/a&gt;
 The current time, in a variety of formats.        &lt;/li&gt;
      &lt;/ul&gt;
      &lt;h2 id=&quot;ENDPOINTS&quot;&gt;ENDPOINTS&lt;/h2&gt;
      &lt;ul&gt;
        &lt;li&gt;
          &lt;a shape=&quot;rect&quot; href=&quot;/&quot; data-bare-link=&quot;true&quot;&gt;
            &lt;code&gt;/&lt;/code&gt;
          &lt;/a&gt;
 This page.        &lt;/li&gt;
        &lt;li&gt;
          &lt;a shape=&quot;rect&quot; href=&quot;/ip&quot; data-bare-link=&quot;true&quot;&gt;
            &lt;code&gt;/ip&lt;/code&gt;
          &lt;/a&gt;
 Returns Origin IP.        &lt;/li&gt;
        &lt;li&gt;
          &lt;a shape=&quot;rect&quot; href=&quot;/uuid&quot; data-bare-link=&quot;true&quot;&gt;
            &lt;code&gt;/uuid&lt;/code&gt;
          &lt;/a&gt;
 Returns UUID4.        &lt;/li&gt;
        &lt;li&gt;
          &lt;a shape=&quot;rect&quot; href=&quot;/user-agent&quot; data-bare-link=&quot;true&quot;&gt;
            &lt;code&gt;/user-agent&lt;/code&gt;
          &lt;/a&gt;
 Returns user-agent.        &lt;/li&gt;
        &lt;li&gt;
          &lt;a shape=&quot;rect&quot; href=&quot;/headers&quot; data-bare-link=&quot;true&quot;&gt;
            &lt;code&gt;/headers&lt;/code&gt;
          &lt;/a&gt;
 Returns header dict.        &lt;/li&gt;
        &lt;li&gt;
          &lt;a shape=&quot;rect&quot; href=&quot;/get&quot; data-bare-link=&quot;true&quot;&gt;
            &lt;code&gt;/get&lt;/code&gt;
          &lt;/a&gt;
 Returns GET data.        &lt;/li&gt;
        &lt;li&gt;
          &lt;code&gt;/post&lt;/code&gt;
 Returns POST data.        &lt;/li&gt;
        &lt;li&gt;
          &lt;code&gt;/patch&lt;/code&gt;
 Returns PATCH data.        &lt;/li&gt;
        &lt;li&gt;
          &lt;code&gt;/put&lt;/code&gt;
 Returns PUT data.        &lt;/li&gt;
        &lt;li&gt;
          &lt;code&gt;/delete&lt;/code&gt;
 Returns DELETE data        &lt;/li&gt;
        &lt;li&gt;
          &lt;a shape=&quot;rect&quot; href=&quot;/anything&quot; data-bare-link=&quot;true&quot;&gt;
            &lt;code&gt;/anything&lt;/code&gt;
          &lt;/a&gt;
 Returns request data, including method used.        &lt;/li&gt;
        &lt;li&gt;
          &lt;code&gt;/anything/:anything&lt;/code&gt;
 Returns request data, including the URL.        &lt;/li&gt;
        &lt;li&gt;
          &lt;a shape=&quot;rect&quot; href=&quot;/encoding/utf8&quot;&gt;
            &lt;code&gt;/encoding/utf8&lt;/code&gt;
          &lt;/a&gt;
 Returns page containing UTF-8 data.        &lt;/li&gt;
        &lt;li&gt;
          &lt;a shape=&quot;rect&quot; href=&quot;/gzip&quot; data-bare-link=&quot;true&quot;&gt;
            &lt;code&gt;/gzip&lt;/code&gt;
          &lt;/a&gt;
 Returns gzip-encoded data.        &lt;/li&gt;
        &lt;li&gt;
          &lt;a shape=&quot;rect&quot; href=&quot;/deflate&quot; data-bare-link=&quot;true&quot;&gt;
            &lt;code&gt;/deflate&lt;/code&gt;
          &lt;/a&gt;
 Returns deflate-encoded data.        &lt;/li&gt;
        &lt;li&gt;
          &lt;a shape=&quot;rect&quot; href=&quot;/brotli&quot; data-bare-link=&quot;true&quot;&gt;
            &lt;code&gt;/brotli&lt;/code&gt;
          &lt;/a&gt;
 Returns brotli-encoded data.        &lt;/li&gt;
        &lt;li&gt;
          &lt;a shape=&quot;rect&quot; href=&quot;/status/418&quot;&gt;
            &lt;code&gt;/status/:code&lt;/code&gt;
          &lt;/a&gt;
 Returns given HTTP Status code.        &lt;/li&gt;
        &lt;li&gt;
          &lt;a shape=&quot;rect&quot; href=&quot;/response-headers?Server=httpbin&amp;amp;Content-Type=text%2Fplain%3B+charset%3DUTF-8&quot;&gt;
            &lt;code&gt;/response-headers?key=val&lt;/code&gt;
          &lt;/a&gt;
 Returns given response headers.        &lt;/li&gt;
        &lt;li&gt;
          &lt;a shape=&quot;rect&quot; href=&quot;/redirect/6&quot;&gt;
            &lt;code&gt;/redirect/:n&lt;/code&gt;
          &lt;/a&gt;
 302 Redirects           &lt;em&gt;n&lt;/em&gt;
 times.        &lt;/li&gt;
        &lt;li&gt;
          &lt;a shape=&quot;rect&quot; href=&quot;/redirect-to?url=http%3A%2F%2Fexample.com%2F&quot;&gt;
            &lt;code&gt;/redirect-to?url=foo&lt;/code&gt;
          &lt;/a&gt;
 302 Redirects to the           &lt;em&gt;foo&lt;/em&gt;
 URL.        &lt;/li&gt;
        &lt;li&gt;
          &lt;a shape=&quot;rect&quot; href=&quot;/redirect-to?url=http%3A%2F%2Fexample.com%2F&amp;amp;status_code=307&quot;&gt;
            &lt;code&gt;/redirect-to?url=foo&amp;amp;status_code=307&lt;/code&gt;
          &lt;/a&gt;
 307 Redirects to the           &lt;em&gt;foo&lt;/em&gt;
 URL.        &lt;/li&gt;
        &lt;li&gt;
          &lt;a shape=&quot;rect&quot; href=&quot;/relative-redirect/6&quot;&gt;
            &lt;code&gt;/relative-redirect/:n&lt;/code&gt;
          &lt;/a&gt;
 302 Relative redirects           &lt;em&gt;n&lt;/em&gt;
 times.        &lt;/li&gt;
        &lt;li&gt;
          &lt;a shape=&quot;rect&quot; href=&quot;/absolute-redirect/6&quot;&gt;
            &lt;code&gt;/absolute-redirect/:n&lt;/code&gt;
          &lt;/a&gt;
 302 Absolute redirects           &lt;em&gt;n&lt;/em&gt;
 times.        &lt;/li&gt;
        &lt;li&gt;
          &lt;a shape=&quot;rect&quot; href=&quot;/cookies&quot; data-bare-link=&quot;true&quot;&gt;
            &lt;code&gt;/cookies&lt;/code&gt;
          &lt;/a&gt;
 Returns cookie data.        &lt;/li&gt;
        &lt;li&gt;
          &lt;a shape=&quot;rect&quot; href=&quot;/cookies/set?k1=v1&amp;amp;k2=v2&quot;&gt;
            &lt;code&gt;/cookies/set?name=value&lt;/code&gt;
          &lt;/a&gt;
 Sets one or more simple cookies.        &lt;/li&gt;
        &lt;li&gt;
          &lt;a shape=&quot;rect&quot; href=&quot;/cookies/delete?k1=&amp;amp;k2=&quot;&gt;
            &lt;code&gt;/cookies/delete?name&lt;/code&gt;
          &lt;/a&gt;
 Deletes one or more simple cookies.        &lt;/li&gt;
        &lt;li&gt;
          &lt;a shape=&quot;rect&quot; href=&quot;/basic-auth/user/passwd&quot;&gt;
            &lt;code&gt;/basic-auth/:user/:passwd&lt;/code&gt;
          &lt;/a&gt;
 Challenges HTTPBasic Auth.        &lt;/li&gt;
        &lt;li&gt;
          &lt;a shape=&quot;rect&quot; href=&quot;/hidden-basic-auth/user/passwd&quot;&gt;
            &lt;code&gt;/hidden-basic-auth/:user/:passwd&lt;/code&gt;
          &lt;/a&gt;
 404&apos;d BasicAuth.        &lt;/li&gt;
        &lt;li&gt;
          &lt;a shape=&quot;rect&quot; href=&quot;/digest-auth/auth/user/passwd/MD5/never&quot;&gt;
            &lt;code&gt;/digest-auth/:qop/:user/:passwd/:algorithm&lt;/code&gt;
          &lt;/a&gt;
 Challenges HTTP Digest Auth.        &lt;/li&gt;
        &lt;li&gt;
          &lt;a shape=&quot;rect&quot; href=&quot;/digest-auth/auth/user/passwd/MD5/never&quot;&gt;
            &lt;code&gt;/digest-auth/:qop/:user/:passwd&lt;/code&gt;
          &lt;/a&gt;
 Challenges HTTP Digest Auth.        &lt;/li&gt;
        &lt;li&gt;
          &lt;a shape=&quot;rect&quot; href=&quot;/stream/20&quot;&gt;
            &lt;code&gt;/stream/:n&lt;/code&gt;
          &lt;/a&gt;
 Streams           &lt;em&gt;min(n, 100)&lt;/em&gt;
 lines.        &lt;/li&gt;
        &lt;li&gt;
          &lt;a shape=&quot;rect&quot; href=&quot;/delay/3&quot;&gt;
            &lt;code&gt;/delay/:n&lt;/code&gt;
          &lt;/a&gt;
 Delays responding for           &lt;em&gt;min(n, 10)&lt;/em&gt;
 seconds.        &lt;/li&gt;
        &lt;li&gt;
          &lt;a shape=&quot;rect&quot; href=&quot;/drip?code=200&amp;amp;duration=5&amp;amp;numbytes=5&quot;&gt;
            &lt;code&gt;/drip?numbytes=n&amp;amp;duration=s&amp;amp;delay=s&amp;amp;code=code&lt;/code&gt;
          &lt;/a&gt;
 Drips data over a duration after an optional initial delay, then (optionally) returns with the given status code.        &lt;/li&gt;
        &lt;li&gt;
          &lt;a shape=&quot;rect&quot; href=&quot;/range/1024&quot;&gt;
            &lt;code&gt;/range/1024?duration=s&amp;amp;chunk_size=code&lt;/code&gt;
          &lt;/a&gt;
 Streams           &lt;em&gt;n&lt;/em&gt;
 bytes, and allows specifying a           &lt;em&gt;Range&lt;/em&gt;
 header to select a subset of the data. Accepts a           &lt;em&gt;chunk_size&lt;/em&gt;
 and request           &lt;em&gt;duration&lt;/em&gt;
 parameter.        &lt;/li&gt;
        &lt;li&gt;
          &lt;a shape=&quot;rect&quot; href=&quot;/html&quot; data-bare-link=&quot;true&quot;&gt;
            &lt;code&gt;/html&lt;/code&gt;
          &lt;/a&gt;
 Renders an HTML Page.        &lt;/li&gt;
        &lt;li&gt;
          &lt;a shape=&quot;rect&quot; href=&quot;/robots.txt&quot; data-bare-link=&quot;true&quot;&gt;
            &lt;code&gt;/robots.txt&lt;/code&gt;
          &lt;/a&gt;
 Returns some robots.txt rules.        &lt;/li&gt;
        &lt;li&gt;
          &lt;a shape=&quot;rect&quot; href=&quot;/deny&quot; data-bare-link=&quot;true&quot;&gt;
            &lt;code&gt;/deny&lt;/code&gt;
          &lt;/a&gt;
 Denied by robots.txt file.        &lt;/li&gt;
        &lt;li&gt;
          &lt;a shape=&quot;rect&quot; href=&quot;/cache&quot; data-bare-link=&quot;true&quot;&gt;
            &lt;code&gt;/cache&lt;/code&gt;
          &lt;/a&gt;
 Returns 200 unless an If-Modified-Since or If-None-Match header is provided, when it returns a 304.        &lt;/li&gt;
        &lt;li&gt;
          &lt;a shape=&quot;rect&quot; href=&quot;/etag/etag&quot;&gt;
            &lt;code&gt;/etag/:etag&lt;/code&gt;
          &lt;/a&gt;
 Assumes the resource has the given etag and responds to If-None-Match header with a 200 or 304 and If-Match with a 200 or 412 as appropriate.        &lt;/li&gt;
        &lt;li&gt;
          &lt;a shape=&quot;rect&quot; href=&quot;/cache/60&quot;&gt;
            &lt;code&gt;/cache/:n&lt;/code&gt;
          &lt;/a&gt;
 Sets a Cache-Control header for           &lt;em&gt;n&lt;/em&gt;
 seconds.        &lt;/li&gt;
        &lt;li&gt;
          &lt;a shape=&quot;rect&quot; href=&quot;/bytes/1024&quot;&gt;
            &lt;code&gt;/bytes/:n&lt;/code&gt;
          &lt;/a&gt;
 Generates           &lt;em&gt;n&lt;/em&gt;
 random bytes of binary data, accepts optional           &lt;em&gt;seed&lt;/em&gt;
 integer parameter.        &lt;/li&gt;
        &lt;li&gt;
          &lt;a shape=&quot;rect&quot; href=&quot;/stream-bytes/1024&quot;&gt;
            &lt;code&gt;/stream-bytes/:n&lt;/code&gt;
          &lt;/a&gt;
 Streams           &lt;em&gt;n&lt;/em&gt;
 random bytes of binary data in chunked encoding, accepts optional           &lt;em&gt;seed&lt;/em&gt;
 and           &lt;em&gt;chunk_size&lt;/em&gt;
 integer parameters.        &lt;/li&gt;
        &lt;li&gt;
          &lt;a shape=&quot;rect&quot; href=&quot;/links/10&quot;&gt;
            &lt;code&gt;/links/:n&lt;/code&gt;
          &lt;/a&gt;
 Returns page containing           &lt;em&gt;n&lt;/em&gt;
 HTML links.        &lt;/li&gt;
        &lt;li&gt;
          &lt;a shape=&quot;rect&quot; href=&quot;/image&quot;&gt;
            &lt;code&gt;/image&lt;/code&gt;
          &lt;/a&gt;
 Returns page containing an image based on sent Accept header.        &lt;/li&gt;
        &lt;li&gt;
          &lt;a shape=&quot;rect&quot; href=&quot;/image/png&quot;&gt;
            &lt;code&gt;/image/png&lt;/code&gt;
          &lt;/a&gt;
 Returns a PNG image.        &lt;/li&gt;
        &lt;li&gt;
          &lt;a shape=&quot;rect&quot; href=&quot;/image/jpeg&quot;&gt;
            &lt;code&gt;/image/jpeg&lt;/code&gt;
          &lt;/a&gt;
 Returns a JPEG image.        &lt;/li&gt;
        &lt;li&gt;
          &lt;a shape=&quot;rect&quot; href=&quot;/image/webp&quot;&gt;
            &lt;code&gt;/image/webp&lt;/code&gt;
          &lt;/a&gt;
 Returns a WEBP image.        &lt;/li&gt;
        &lt;li&gt;
          &lt;a shape=&quot;rect&quot; href=&quot;/image/svg&quot;&gt;
            &lt;code&gt;/image/svg&lt;/code&gt;
          &lt;/a&gt;
 Returns a SVG image.        &lt;/li&gt;
        &lt;li&gt;
          &lt;a shape=&quot;rect&quot; href=&quot;/forms/post&quot; data-bare-link=&quot;true&quot;&gt;
            &lt;code&gt;/forms/post&lt;/code&gt;
          &lt;/a&gt;
 HTML form that submits to           &lt;em&gt;/post&lt;/em&gt;
        &lt;/li&gt;
        &lt;li&gt;
          &lt;a shape=&quot;rect&quot; href=&quot;/xml&quot; data-bare-link=&quot;true&quot;&gt;
            &lt;code&gt;/xml&lt;/code&gt;
          &lt;/a&gt;
 Returns some XML        &lt;/li&gt;
      &lt;/ul&gt;
      &lt;h2 id=&quot;DESCRIPTION&quot;&gt;DESCRIPTION&lt;/h2&gt;
      &lt;p&gt;
Testing an HTTP Library can become difficult sometimes.         &lt;a shape=&quot;rect&quot; href=&quot;http://requestb.in&quot;&gt;RequestBin&lt;/a&gt;
 is fantastic for testing POST requests, but doesn&apos;t let you control the response. This exists to cover all kinds of HTTP scenarios. Additional endpoints are being considered.      &lt;/p&gt;
      &lt;p&gt;All endpoint responses are JSON-encoded.&lt;/p&gt;
      &lt;h2 id=&quot;EXAMPLES&quot;&gt;EXAMPLES&lt;/h2&gt;
      &lt;h3 id=&quot;-curl-http-httpbin-org-ip&quot;&gt;$ curl http://httpbin.org/ip&lt;/h3&gt;
      &lt;pre&gt;
        &lt;code&gt;{&quot;origin&quot;: &quot;24.127.96.129&quot;}
&lt;/code&gt;
      &lt;/pre&gt;
      &lt;h3 id=&quot;-curl-http-httpbin-org-user-agent&quot;&gt;$ curl http://httpbin.org/user-agent&lt;/h3&gt;
      &lt;pre&gt;
        &lt;code&gt;{&quot;user-agent&quot;: &quot;curl/7.19.7 (universal-apple-darwin10.0) libcurl/7.19.7 OpenSSL/0.9.8l zlib/1.2.3&quot;}
&lt;/code&gt;
      &lt;/pre&gt;
      &lt;h3 id=&quot;-curl-http-httpbin-org-get&quot;&gt;$ curl http://httpbin.org/get&lt;/h3&gt;
      &lt;pre&gt;
        &lt;code&gt;{
   &quot;args&quot;: {},
   &quot;headers&quot;: {
      &quot;Accept&quot;: &quot;*/*&quot;,
      &quot;Connection&quot;: &quot;close&quot;,
      &quot;Content-Length&quot;: &quot;&quot;,
      &quot;Content-Type&quot;: &quot;&quot;,
      &quot;Host&quot;: &quot;httpbin.org&quot;,
      &quot;User-Agent&quot;: &quot;curl/7.19.7 (universal-apple-darwin10.0) libcurl/7.19.7 OpenSSL/0.9.8l zlib/1.2.3&quot;
   },
   &quot;origin&quot;: &quot;24.127.96.129&quot;,
   &quot;url&quot;: &quot;http://httpbin.org/get&quot;
}
&lt;/code&gt;
      &lt;/pre&gt;
      &lt;h3 id=&quot;-curl-I-http-httpbin-org-status-418&quot;&gt;$ curl -I http://httpbin.org/status/418&lt;/h3&gt;
      &lt;pre&gt;
        &lt;code&gt;HTTP/1.1 418 I&apos;M A TEAPOT
Server: nginx/0.7.67
Date: Mon, 13 Jun 2011 04:25:38 GMT
Connection: close
x-more-info: http://tools.ietf.org/html/rfc2324
Content-Length: 135
&lt;/code&gt;
      &lt;/pre&gt;
      &lt;h3 id=&quot;-curl-https-httpbin-org-get-show_env-1&quot;&gt;$ curl https://httpbin.org/get?show_env=1&lt;/h3&gt;
      &lt;pre&gt;
        &lt;code&gt;{
  &quot;headers&quot;: {
    &quot;Content-Length&quot;: &quot;&quot;,
    &quot;Accept-Language&quot;: &quot;en-US,en;q=0.8&quot;,
    &quot;Accept-Encoding&quot;: &quot;gzip,deflate,sdch&quot;,
    &quot;X-Forwarded-Port&quot;: &quot;443&quot;,
    &quot;X-Forwarded-For&quot;: &quot;109.60.101.240&quot;,
    &quot;Host&quot;: &quot;httpbin.org&quot;,
    &quot;Accept&quot;: &quot;text/html,application/xhtml+xml,application/xml;q=0.9,*/*;q=0.8&quot;,
    &quot;User-Agent&quot;: &quot;Mozilla/5.0 (X11; Linux i686) AppleWebKit/535.11 (KHTML, like Gecko) Chrome/17.0.963.83 Safari/535.11&quot;,
    &quot;X-Request-Start&quot;: &quot;1350053933441&quot;,
    &quot;Accept-Charset&quot;: &quot;ISO-8859-1,utf-8;q=0.7,*;q=0.3&quot;,
    &quot;Connection&quot;: &quot;keep-alive&quot;,
    &quot;X-Forwarded-Proto&quot;: &quot;https&quot;,
    &quot;Cookie&quot;: &quot;_gauges_unique_day=1; _gauges_unique_month=1; _gauges_unique_year=1; _gauges_unique=1; _gauges_unique_hour=1&quot;,
    &quot;Content-Type&quot;: &quot;&quot;
  },
  &quot;args&quot;: {
    &quot;show_env&quot;: &quot;1&quot;
  },
  &quot;origin&quot;: &quot;109.60.101.240&quot;,
  &quot;url&quot;: &quot;http://httpbin.org/get?show_env=1&quot;
}
&lt;/code&gt;
      &lt;/pre&gt;
      &lt;h2 id=&quot;Installing-and-running-from-PyPI&quot;&gt;Installing and running from PyPI&lt;/h2&gt;
      &lt;p&gt;You can install httpbin as a library from PyPI and run it as a WSGI app.  For example, using Gunicorn:&lt;/p&gt;
      &lt;pre&gt;
        &lt;code class=&quot;bash&quot;&gt;$ pip install httpbin
$ gunicorn httpbin:app
&lt;/code&gt;
      &lt;/pre&gt;
      &lt;h2 id=&quot;AUTHOR&quot;&gt;AUTHOR&lt;/h2&gt;
      &lt;p&gt;
A         &lt;a shape=&quot;rect&quot; href=&quot;http://kennethreitz.com/&quot;&gt;Kenneth Reitz&lt;/a&gt;
 project.      &lt;/p&gt;
      &lt;p&gt;
BTC:         &lt;a shape=&quot;rect&quot; href=&quot;https://www.kennethreitz.org/bitcoin&quot;&gt;
          &lt;code&gt;1Me2iXTJ91FYZhrGvaGaRDCBtnZ4KdxCug&lt;/code&gt;
        &lt;/a&gt;
      &lt;/p&gt;
      &lt;h2 id=&quot;SEE-ALSO&quot;&gt;SEE ALSO&lt;/h2&gt;
      &lt;p&gt;
        &lt;a shape=&quot;rect&quot; href=&quot;https://www.hurl.it&quot;&gt;Hurl.it&lt;/a&gt;
 - Make HTTP requests.      &lt;/p&gt;
      &lt;p&gt;
        &lt;a shape=&quot;rect&quot; href=&quot;http://requestb.in&quot;&gt;RequestBin&lt;/a&gt;
 - Inspect HTTP requests.      &lt;/p&gt;
      &lt;p&gt;
        &lt;a shape=&quot;rect&quot; href=&quot;http://python-requests.org&quot; data-bare-link=&quot;true&quot;&gt;http://python-requests.org&lt;/a&gt;
      &lt;/p&gt;
    &lt;/div&gt;
    &lt;script type=&quot;text/javascript&quot;&gt;
  (function() {
    window._pa = window._pa || {};
    _pa.productId = &quot;httpbin&quot;;
    var pa = document.createElement(&apos;script&apos;); pa.type = &apos;text/javascript&apos;; pa.async = true;
    pa.src = (&apos;https:&apos; == document.location.protocol ? &apos;https:&apos; : &apos;http:&apos;) + &quot;//tag.perfectaudience.com/serve/5226171f87bc6890da0000a0.js&quot;;
    var s = document.getElementsByTagName(&apos;script&apos;)[0]; s.parentNode.insertBefore(pa, s);
  })();
&lt;/script&gt;
    &lt;script type=&quot;text/javascript&quot;&gt;
  var _gauges = _gauges || [];
  (function() {
    var t   = document.createElement(&apos;script&apos;);
    t.type  = &apos;text/javascript&apos;;
    t.async = true;
    t.id    = &apos;gauges-tracker&apos;;
    t.setAttribute(&apos;data-site-id&apos;, &apos;58cb2e71c88d9043ac01d000&apos;);
    t.setAttribute(&apos;data-track-path&apos;, &apos;https://track.gaug.es/track.gif&apos;);
    t.src = &apos;https://d36ee2fcip1434.cloudfront.net/track.js&apos;;
    var s = document.getElementsByTagName(&apos;script&apos;)[0];
    s.parentNode.insertBefore(t, s);
  })();
&lt;/script&gt;
  &lt;/body&gt;
&lt;/html&gt;
    &amp;#27;[32mGiven &amp;#27;[0m&amp;#27;[32mI have a property file and excel payload&amp;#27;[0m &amp;#27;[90m# Stepdefs.i_have_a_property_file_and_excel_payload()&amp;#27;[0m
    &amp;#27;[33mWhen &amp;#27;[0m&amp;#27;[33mI hit run&amp;#27;[0m                                 &amp;#27;[90m# null&amp;#27;[0m
    &amp;#27;[33mThen &amp;#27;[0m&amp;#27;[33mcall the API test and assert&amp;#27;[0m              &amp;#27;[90m# null&amp;#27;[0m
</system-out>
  </testcase>
  <testcase classname="DFS Q1" name="a google map request" time="3.087">
    <skipped/>
  </testcase>
</testsuite>